<?xml version="1.0" encoding="UTF-8"?>
<testsuite name="org.teamneko.meowlib.test.DtoTestCompositeSearchResult" tests="2" skipped="0" failures="0" errors="0" timestamp="2016-11-18T21:26:15" hostname="suzuka" time="0.005">
  <properties/>
  <testcase name="initiateCompositeSearchResultTest" classname="org.teamneko.meowlib.test.DtoTestCompositeSearchResult" time="0.004"/>
  <testcase name="getsetCompositeSearchResultTest" classname="org.teamneko.meowlib.test.DtoTestCompositeSearchResult" time="0.001"/>
  <system-out><![CDATA[]]></system-out>
  <system-err><![CDATA[]]></system-err>
</testsuite>
