<?xml version="1.0" encoding="UTF-8"?>
<testsuite name="org.teamneko.meowlib.test.DtoTestUserSearchResult" tests="2" skipped="0" failures="0" errors="0" timestamp="2016-11-18T21:26:15" hostname="suzuka" time="0.006">
  <properties/>
  <testcase name="toStringProductSearchResult" classname="org.teamneko.meowlib.test.DtoTestUserSearchResult" time="0.002"/>
  <testcase name="getSetUserSearchResult" classname="org.teamneko.meowlib.test.DtoTestUserSearchResult" time="0.001"/>
  <system-out><![CDATA[]]></system-out>
  <system-err><![CDATA[]]></system-err>
</testsuite>
