<?xml version="1.0" encoding="UTF-8"?>
<testsuite name="org.teamneko.meowlib.test.DtoTestNamedProduct" tests="2" skipped="0" failures="0" errors="0" timestamp="2016-11-18T21:26:15" hostname="suzuka" time="0.001">
  <properties/>
  <testcase name="getSetNamedProductTest" classname="org.teamneko.meowlib.test.DtoTestNamedProduct" time="0.001"/>
  <testcase name="toStringNamedProductTest" classname="org.teamneko.meowlib.test.DtoTestNamedProduct" time="0.0"/>
  <system-out><![CDATA[]]></system-out>
  <system-err><![CDATA[]]></system-err>
</testsuite>
