<?xml version="1.0" encoding="UTF-8"?>
<testsuite name="org.teamneko.meowlib.test.DtoTestCompositeSearchResult" tests="2" skipped="0" failures="0" errors="0" timestamp="2016-11-19T22:57:02" hostname="suzuka" time="0.009">
  <properties/>
  <testcase name="initiateCompositeSearchResultTest" classname="org.teamneko.meowlib.test.DtoTestCompositeSearchResult" time="0.009"/>
  <testcase name="getsetCompositeSearchResultTest" classname="org.teamneko.meowlib.test.DtoTestCompositeSearchResult" time="0.0"/>
  <system-out><![CDATA[]]></system-out>
  <system-err><![CDATA[]]></system-err>
</testsuite>
